MPASM  5.51                        SOURCE.ASM   10-4-2021  12:54:13         PAGE  1


LOC  OBJECT CODE     LINE SOURCE TEXT
  VALUE

                      00001 ; ========================================================================
                      00002 ;
                      00003 ; Curso de Assembly para Microcontroladores PIC 002
                      00004 ; Link do curso: https://www.youtube.com/channel/UCazAvTtoRlOrFDWDJDB2DKQ
                      00005 ;
                      00006 ; MCU: PIC16F84A    Clock: 4MHz
                      00007 ;
                      00008 ; Autor: https://github.com/Guilherme-De-Marchi
                      00009 ; Data: 10-21
                      00010 ;
                      00011 ; ========================================================================
                      00012 
                      00013 
                      00014         list            p=16f84a                        ; PIC16F84A
                      00015 
                      00016   
                      00017 ; --- Includes ---
                      00018 
                      00019         #include  <p16f84a.inc>
                      00001         LIST
                      00002 
                      00003 ;==========================================================================
                      00004 ;  MPASM PIC16F84A processor include
                      00005 ; 
                      00006 ;  (c) Copyright 1999-2013 Microchip Technology, All rights reserved
                      00007 ;==========================================================================
                      00008 
                      00208         LIST
                      00020   
                      00021 
                      00022 ; --- Fuse bits ---
                      00023 
2007   3FF1           00024         __config _XT_OSC & _WDT_OFF & _PWRTE_ON & _CP_OFF
                      00025     
                      00026     
                      00027 ; --- Memory pagination ---
                      00028 
                      00029         #define bank0   bcf  STATUS,RP0         ; Select memory bank 0  
                      00030         #define  bank1  bsf  STATUS,RP0         ; Select memory bank 1
                      00031         
                      00032         
                      00033 ; --- Inputs ---
                      00034 
                      00035         #define  btn1           PORTA,RA0               ; RA0 pin from PORTA
                      00036         
                      00037         
                      00038 ; --- Outputs ---
                      00039 
                      00040         #define  led1           PORTB,RB0               ; RB0 pin from PORTB
                      00041         
                      00042 
                      00043 ; --- Reset vector ---
                      00044 
MPASM  5.51                        SOURCE.ASM   10-4-2021  12:54:13         PAGE  2


LOC  OBJECT CODE     LINE SOURCE TEXT
  VALUE

0000                  00045         org             H'0000'
0000   2805           00046         goto  main                      ; Program starts here
                      00047                 
                      00048         
                      00049 ; --- Interruption vector ---
                      00050 
0004                  00051         org             H'0004'
0004   0009           00052         retfie
                      00053         
                      00054         
                      00055 ; --- Main ---
                      00056 
0005                  00057 main:
                      00058 
0005   1683           00059         bank1                   ; Select bank 1
                      00060         
0006   30FF           00061         movlw  H'FF'            ; Binary: 1111 1111
Message[302]: Register in operand not in bank 0.  Ensure that bank bits are correct.
0007   0085           00062         movwf  TRISA            ; All PORTA -> INPUT
                      00063         
0008   30FE           00064         movlw  H'FE'            ; Binary: 1111 1110
Message[302]: Register in operand not in bank 0.  Ensure that bank bits are correct.
0009   0086           00065         movwf  TRISB            ; PORTB RB0 -> OUTPUT
                      00066         
000A   1283           00067         bank0                   ; Select bank 0
                      00068         
000B   30FF           00069         movlw  H'FF'            ; Binary: 1111 1111
000C   0086           00070         movwf  PORTB            ; PORTB RB0 -> HIGH
                      00071         
000D   280D           00072         goto   $                        ; Infinite loop
                      00073         
                      00074         end
MPASM  5.51                        SOURCE.ASM   10-4-2021  12:54:13         PAGE  3


SYMBOL TABLE
  LABEL                             VALUE 

C                                 00000000
DC                                00000001
EEADR                             00000009
EECON1                            00000088
EECON2                            00000089
EEDATA                            00000008
EEIE                              00000006
EEIF                              00000004
F                                 00000001
FSR                               00000004
GIE                               00000007
INDF                              00000000
INTCON                            0000000B
INTE                              00000004
INTEDG                            00000006
INTF                              00000001
IRP                               00000007
NOT_PD                            00000003
NOT_RBPU                          00000007
NOT_TO                            00000004
OPTION_REG                        00000081
PCL                               00000002
PCLATH                            0000000A
PORTA                             00000005
PORTB                             00000006
PS0                               00000000
PS1                               00000001
PS2                               00000002
PSA                               00000003
RA0                               00000000
RA1                               00000001
RA2                               00000002
RA3                               00000003
RA4                               00000004
RB0                               00000000
RB1                               00000001
RB2                               00000002
RB3                               00000003
RB4                               00000004
RB5                               00000005
RB6                               00000006
RB7                               00000007
RBIE                              00000003
RBIF                              00000000
RD                                00000000
RP0                               00000005
RP1                               00000006
STATUS                            00000003
T0CS                              00000005
T0IE                              00000005
T0IF                              00000002
T0SE                              00000004
TMR0                              00000001
MPASM  5.51                        SOURCE.ASM   10-4-2021  12:54:13         PAGE  4


SYMBOL TABLE
  LABEL                             VALUE 

TMR0IE                            00000005
TMR0IF                            00000002
TRISA                             00000085
TRISA0                            00000000
TRISA1                            00000001
TRISA2                            00000002
TRISA3                            00000003
TRISA4                            00000004
TRISB                             00000086
TRISB0                            00000000
TRISB1                            00000001
TRISB2                            00000002
TRISB3                            00000003
TRISB4                            00000004
TRISB5                            00000005
TRISB6                            00000006
TRISB7                            00000007
W                                 00000000
WR                                00000001
WREN                              00000002
WRERR                             00000003
Z                                 00000002
_CONFIG                           00002007
_CP_OFF                           00003FFF
_CP_ON                            0000000F
_DEVID1                           00002006
_FOSC_EXTRC                       00003FFF
_FOSC_HS                          00003FFE
_FOSC_LP                          00003FFC
_FOSC_XT                          00003FFD
_HS_OSC                           00003FFE
_IDLOC0                           00002000
_IDLOC1                           00002001
_IDLOC2                           00002002
_IDLOC3                           00002003
_LP_OSC                           00003FFC
_PWRTE_OFF                        00003FFF
_PWRTE_ON                         00003FF7
_RC_OSC                           00003FFF
_WDTE_OFF                         00003FFB
_WDTE_ON                          00003FFF
_WDT_OFF                          00003FFB
_WDT_ON                           00003FFF
_XT_OSC                           00003FFD
__16F84A                          00000001
__DEBUG                           1
bank0                             bcf  STATUS,RP0
bank1                             bsf  STATUS,RP0
btn1                              PORTA,RA0
led1                              PORTB,RB0
main                              00000005
MPASM  5.51                        SOURCE.ASM   10-4-2021  12:54:13         PAGE  5


MEMORY USAGE MAP ('X' = Used,  '-' = Unused)


0000 : X---XXXXXXXXXX-- ---------------- ---------------- ----------------
2000 : -------X-------- ---------------- ---------------- ----------------

All other memory blocks unused.

Program Memory Words Used:    11
Program Memory Words Free:  1013


Errors   :     0
Warnings :     0 reported,     0 suppressed
Messages :     2 reported,     0 suppressed

